{"name": "test_homePageTitle", "status": "failed", "statusDetails": {"message": "AssertionError: False\nassert 'Your store. Login' == 'Your store. Login123'\n  \n  - Your store. Login123\n  ?                  ---\n  + Your store. Login", "trace": "self = <testCases.test_login.Test_001_Login object at 0x10b9e9b20>\nsetup = <selenium.webdriver.chrome.webdriver.WebDriver (session=\"ceaa9397995973f9dac65f656e13c3b3\")>\n\n    def test_homePageTitle(self, setup):\n        self.driver = setup\n        self.driver.get(self.baseURL)\n>       assert self.driver.title == \"Your store. Login123\", self.driver.save_screenshot(\n            os.getcwd() + \"/Screenshots/\" + \"test_homePageTitle.png\")\nE       AssertionError: False\nE       assert 'Your store. Login' == 'Your store. Login123'\nE         \nE         - Your store. Login123\nE         ?                  ---\nE         + Your store. Login\n\ntest_login.py:16: AssertionError"}, "start": 1715545152358, "stop": 1715545153232, "uuid": "51cbb85d-77fb-466e-a0be-855d2ca497eb", "historyId": "9ce9f79a501a07b7dff9aa6372052098", "testCaseId": "9ce9f79a501a07b7dff9aa6372052098", "fullName": "testCases.test_login.Test_001_Login#test_homePageTitle", "labels": [{"name": "parentSuite", "value": "testCases"}, {"name": "suite", "value": "test_login"}, {"name": "subSuite", "value": "Test_001_Login"}, {"name": "host", "value": "Kaustubhs-MacBook-Pro-2.local"}, {"name": "thread", "value": "21681-MainThread"}, {"name": "framework", "value": "pytest"}, {"name": "language", "value": "cpython3"}, {"name": "package", "value": "testCases.test_login"}]}