{"name": "test_homePageTitle", "status": "failed", "statusDetails": {"message": "AssertionError: True\nassert 'Your store. Login' == 'Your store. Login123'\n  \n  - Your store. Login123\n  ?                  ---\n  + Your store. Login", "trace": "self = <testCases.test_login.Test_001_Login object at 0x108dfe240>\nsetup = <selenium.webdriver.chrome.webdriver.WebDriver (session=\"9cced698e6c0a78d3acc99e8f07fc4cf\")>\n\n    def test_homePageTitle(self, setup):\n        self.driver = setup\n        self.driver.get(self.baseURL)\n>       assert self.driver.title == \"Your store. Login123\", self.driver.save_screenshot(\n            os.getcwd() + \"/Screenshots/\" + \"test_homePageTitle.png\")\nE       AssertionError: True\nE       assert 'Your store. Login' == 'Your store. Login123'\nE         \nE         - Your store. Login123\nE         ?                  ---\nE         + Your store. Login\n\ntestCases/test_login.py:16: AssertionError"}, "start": 1715544901815, "stop": 1715544902809, "uuid": "bd7a863e-11d8-4255-b368-51226899c201", "historyId": "9ce9f79a501a07b7dff9aa6372052098", "testCaseId": "9ce9f79a501a07b7dff9aa6372052098", "fullName": "testCases.test_login.Test_001_Login#test_homePageTitle", "labels": [{"name": "parentSuite", "value": "testCases"}, {"name": "suite", "value": "test_login"}, {"name": "subSuite", "value": "Test_001_Login"}, {"name": "host", "value": "Kaustubhs-MacBook-Pro-2.local"}, {"name": "thread", "value": "21435-MainThread"}, {"name": "framework", "value": "pytest"}, {"name": "language", "value": "cpython3"}, {"name": "package", "value": "testCases.test_login"}]}