{"name": "Verify Login functionality with data driven testing", "status": "broken", "statusDetails": {"message": "selenium.common.exceptions.NoSuchElementException: Message: no such element: Unable to locate element: {\"method\":\"css selector\",\"selector\":\"[id=\"Email\"]\"}\n  (Session info: chrome=124.0.6367.158); For documentation on this error, please visit: https://www.selenium.dev/documentation/webdriver/troubleshooting/errors#no-such-element-exception\nStacktrace:\n0   chromedriver                        0x000000010f088a78 chromedriver + 5216888\n1   chromedriver                        0x000000010f0806b3 chromedriver + 5183155\n2   chromedriver                        0x000000010ebf2527 chromedriver + 406823\n3   chromedriver                        0x000000010ec3dff2 chromedriver + 716786\n4   chromedriver                        0x000000010ec3e181 chromedriver + 717185\n5   chromedriver                        0x000000010ec821d4 chromedriver + 995796\n6   chromedriver                        0x000000010ec6072d chromedriver + 857901\n7   chromedriver                        0x000000010ec7f6bf chromedriver + 984767\n8   chromedriver                        0x000000010ec604a3 chromedriver + 857251\n9   chromedriver                        0x000000010ec30fe3 chromedriver + 663523\n10  chromedriver                        0x000000010ec3192e chromedriver + 665902\n11  chromedriver                        0x000000010f046990 chromedriver + 4946320\n12  chromedriver                        0x000000010f04ca44 chromedriver + 4971076\n13  chromedriver                        0x000000010f02748e chromedriver + 4818062\n14  chromedriver                        0x000000010f04d559 chromedriver + 4973913\n15  chromedriver                        0x000000010f017714 chromedriver + 4753172\n16  chromedriver                        0x000000010f06fc08 chromedriver + 5114888\n17  chromedriver                        0x000000010f06fdc7 chromedriver + 5115335\n18  chromedriver                        0x000000010f0802d3 chromedriver + 5182163\n19  libsystem_pthread.dylib             0x00007ff8035be4e1 _pthread_start + 125\n20  libsystem_pthread.dylib             0x00007ff8035b9f6b thread_start + 15", "trace": "self = <testCases.test_login_ddt.Test_Login_DDT object at 0x1033a1070>\nsetup = <selenium.webdriver.chrome.webdriver.WebDriver (session=\"03d7e1932258a9105ef87ffd8f700e8c\")>\nuser_cred = {'password': 'password125', 'username': 'admin3@admin.com'}\n\n    @pytest.mark.parametrize(\"user_cred\",read_credentials_from_file(file_path=file_path))\n    @allure.title(\"Verify Login functionality with data driven testing\")\n    @allure.testcase(\"TC003\")\n    @allure.tag(\"Smoke\")\n    def test_login_ddt(self, setup,user_cred):\n        try:\n            username = user_cred[\"username\"]\n            password = user_cred[\"password\"]\n            self.logger.info(\"****** Verifying login test ******\")\n            self.driver = setup\n            self.driver.get(self.baseURL)\n            self.lp = LoginPage(self.driver)\n>           self.lp.setUserName(username)\n\ntestCases/test_login_ddt.py:43: \n_ _ _ _ _ _ _ _ _ _ _ _ _ _ _ _ _ _ _ _ _ _ _ _ _ _ _ _ _ _ _ _ _ _ _ _ _ _ _ _ _ _ _ _ _ _ _ _ _ _ _ _ _ _ _ _ _ _ _ _ _ _ _ _ _ _ _ _ _ _ _ _ _ _\npageObjects/LoginPage.py:15: in setUserName\n    self.driver.find_element(By.ID, self.textbox_username_id).clear()\n.venv/lib/python3.12/site-packages/selenium/webdriver/remote/webdriver.py:741: in find_element\n    return self.execute(Command.FIND_ELEMENT, {\"using\": by, \"value\": value})[\"value\"]\n.venv/lib/python3.12/site-packages/selenium/webdriver/remote/webdriver.py:347: in execute\n    self.error_handler.check_response(response)\n_ _ _ _ _ _ _ _ _ _ _ _ _ _ _ _ _ _ _ _ _ _ _ _ _ _ _ _ _ _ _ _ _ _ _ _ _ _ _ _ _ _ _ _ _ _ _ _ _ _ _ _ _ _ _ _ _ _ _ _ _ _ _ _ _ _ _ _ _ _ _ _ _ _\n\nself = <selenium.webdriver.remote.errorhandler.ErrorHandler object at 0x1039a8e30>\nresponse = {'status': 404, 'value': '{\"value\":{\"error\":\"no such element\",\"message\":\"no such element: Unable to locate element: {\\...ff8035be4e1 _pthread_start + 125\\\\n20  libsystem_pthread.dylib             0x00007ff8035b9f6b thread_start + 15\\\\n\"}}'}\n\n    def check_response(self, response: Dict[str, Any]) -> None:\n        \"\"\"Checks that a JSON response from the WebDriver does not have an\n        error.\n    \n        :Args:\n         - response - The JSON response from the WebDriver server as a dictionary\n           object.\n    \n        :Raises: If the response contains an error message.\n        \"\"\"\n        status = response.get(\"status\", None)\n        if not status or status == ErrorCode.SUCCESS:\n            return\n        value = None\n        message = response.get(\"message\", \"\")\n        screen: str = response.get(\"screen\", \"\")\n        stacktrace = None\n        if isinstance(status, int):\n            value_json = response.get(\"value\", None)\n            if value_json and isinstance(value_json, str):\n                import json\n    \n                try:\n                    value = json.loads(value_json)\n                    if len(value) == 1:\n                        value = value[\"value\"]\n                    status = value.get(\"error\", None)\n                    if not status:\n                        status = value.get(\"status\", ErrorCode.UNKNOWN_ERROR)\n                        message = value.get(\"value\") or value.get(\"message\")\n                        if not isinstance(message, str):\n                            value = message\n                            message = message.get(\"message\")\n                    else:\n                        message = value.get(\"message\", None)\n                except ValueError:\n                    pass\n    \n        exception_class: Type[WebDriverException]\n        e = ErrorCode()\n        error_codes = [item for item in dir(e) if not item.startswith(\"__\")]\n        for error_code in error_codes:\n            error_info = getattr(ErrorCode, error_code)\n            if isinstance(error_info, list) and status in error_info:\n                exception_class = getattr(ExceptionMapping, error_code, WebDriverException)\n                break\n        else:\n            exception_class = WebDriverException\n    \n        if not value:\n            value = response[\"value\"]\n        if isinstance(value, str):\n            raise exception_class(value)\n        if message == \"\" and \"message\" in value:\n            message = value[\"message\"]\n    \n        screen = None  # type: ignore[assignment]\n        if \"screen\" in value:\n            screen = value[\"screen\"]\n    \n        stacktrace = None\n        st_value = value.get(\"stackTrace\") or value.get(\"stacktrace\")\n        if st_value:\n            if isinstance(st_value, str):\n                stacktrace = st_value.split(\"\\n\")\n            else:\n                stacktrace = []\n                try:\n                    for frame in st_value:\n                        line = frame.get(\"lineNumber\", \"\")\n                        file = frame.get(\"fileName\", \"<anonymous>\")\n                        if line:\n                            file = f\"{file}:{line}\"\n                        meth = frame.get(\"methodName\", \"<anonymous>\")\n                        if \"className\" in frame:\n                            meth = f\"{frame['className']}.{meth}\"\n                        msg = \"    at %s (%s)\"\n                        msg = msg % (meth, file)\n                        stacktrace.append(msg)\n                except TypeError:\n                    pass\n        if exception_class == UnexpectedAlertPresentException:\n            alert_text = None\n            if \"data\" in value:\n                alert_text = value[\"data\"].get(\"text\")\n            elif \"alert\" in value:\n                alert_text = value[\"alert\"].get(\"text\")\n            raise exception_class(message, screen, stacktrace, alert_text)  # type: ignore[call-arg]  # mypy is not smart enough here\n>       raise exception_class(message, screen, stacktrace)\nE       selenium.common.exceptions.NoSuchElementException: Message: no such element: Unable to locate element: {\"method\":\"css selector\",\"selector\":\"[id=\"Email\"]\"}\nE         (Session info: chrome=124.0.6367.158); For documentation on this error, please visit: https://www.selenium.dev/documentation/webdriver/troubleshooting/errors#no-such-element-exception\nE       Stacktrace:\nE       0   chromedriver                        0x000000010f088a78 chromedriver + 5216888\nE       1   chromedriver                        0x000000010f0806b3 chromedriver + 5183155\nE       2   chromedriver                        0x000000010ebf2527 chromedriver + 406823\nE       3   chromedriver                        0x000000010ec3dff2 chromedriver + 716786\nE       4   chromedriver                        0x000000010ec3e181 chromedriver + 717185\nE       5   chromedriver                        0x000000010ec821d4 chromedriver + 995796\nE       6   chromedriver                        0x000000010ec6072d chromedriver + 857901\nE       7   chromedriver                        0x000000010ec7f6bf chromedriver + 984767\nE       8   chromedriver                        0x000000010ec604a3 chromedriver + 857251\nE       9   chromedriver                        0x000000010ec30fe3 chromedriver + 663523\nE       10  chromedriver                        0x000000010ec3192e chromedriver + 665902\nE       11  chromedriver                        0x000000010f046990 chromedriver + 4946320\nE       12  chromedriver                        0x000000010f04ca44 chromedriver + 4971076\nE       13  chromedriver                        0x000000010f02748e chromedriver + 4818062\nE       14  chromedriver                        0x000000010f04d559 chromedriver + 4973913\nE       15  chromedriver                        0x000000010f017714 chromedriver + 4753172\nE       16  chromedriver                        0x000000010f06fc08 chromedriver + 5114888\nE       17  chromedriver                        0x000000010f06fdc7 chromedriver + 5115335\nE       18  chromedriver                        0x000000010f0802d3 chromedriver + 5182163\nE       19  libsystem_pthread.dylib             0x00007ff8035be4e1 _pthread_start + 125\nE       20  libsystem_pthread.dylib             0x00007ff8035b9f6b thread_start + 15\n\n.venv/lib/python3.12/site-packages/selenium/webdriver/remote/errorhandler.py:229: NoSuchElementException"}, "attachments": [{"name": "log", "source": "8957cd66-c297-4f92-b700-19b548370c7f-attachment.txt", "type": "text/plain"}], "parameters": [{"name": "user_cred", "value": "{'username': 'admin3@admin.com', 'password': 'password125'}"}], "start": 1715740677010, "stop": 1715740677719, "uuid": "a7bda966-5808-4423-8544-9eefad6c2cdf", "historyId": "42b49c8e449bebf312c392e501c91b91", "testCaseId": "f334beae98f69ea6d4b0d28ba8dd6c51", "fullName": "testCases.test_login_ddt.Test_Login_DDT#test_login_ddt", "labels": [{"name": "tag", "value": "Smoke"}, {"name": "parentSuite", "value": "testCases"}, {"name": "suite", "value": "test_login_ddt"}, {"name": "subSuite", "value": "Test_Login_DDT"}, {"name": "host", "value": "Kaustubhs-MacBook-Pro-2.local"}, {"name": "thread", "value": "33225-MainThread"}, {"name": "framework", "value": "pytest"}, {"name": "language", "value": "cpython3"}, {"name": "package", "value": "testCases.test_login_ddt"}], "links": [{"type": "tms", "url": "TC003", "name": "TC003"}]}