{"name": "test_login", "status": "failed", "statusDetails": {"message": "AssertionError: True\nassert 'Dashboard / ...dministration' == 'Dashboard / ...nistration123'\n  \n  - Dashboard / nopCommerce administration123\n  ?                                       ---\n  + Dashboard / nopCommerce administration", "trace": "self = <testCases.test_login.Test_001_Login object at 0x10a7a48c0>\nsetup = <selenium.webdriver.chrome.webdriver.WebDriver (session=\"9e0e447536b0410b108a8a1efd38a8cd\")>\n\n    def test_login(self, setup):\n        self.driver = setup\n        self.driver.get(self.baseURL)\n        self.lp = LoginPage(self.driver)\n        self.lp.setUserName(self.username)\n        self.lp.setPassword(self.password)\n        self.lp.clickLogin()\n>       assert self.driver.title == \"Dashboard / nopCommerce administration123\", self.driver.save_screenshot(\n            os.getcwd() + \"/Screenshots\" + \"test_login.png\")\nE       AssertionError: True\nE       assert 'Dashboard / ...dministration' == 'Dashboard / ...nistration123'\nE         \nE         - Dashboard / nopCommerce administration123\nE         ?                                       ---\nE         + Dashboard / nopCommerce administration\n\ntestCases/test_login.py:27: AssertionError"}, "start": 1715544641270, "stop": 1715544644853, "uuid": "0bfb74c9-cb2f-4b4b-be58-4f98e3e912e9", "historyId": "c37f62480a8c23c1deb6618028f9eed6", "testCaseId": "c37f62480a8c23c1deb6618028f9eed6", "fullName": "testCases.test_login.Test_001_Login#test_login", "labels": [{"name": "parentSuite", "value": "testCases"}, {"name": "suite", "value": "test_login"}, {"name": "subSuite", "value": "Test_001_Login"}, {"name": "host", "value": "Kaustubhs-MacBook-Pro-2.local"}, {"name": "thread", "value": "21189-MainThread"}, {"name": "framework", "value": "pytest"}, {"name": "language", "value": "cpython3"}, {"name": "package", "value": "testCases.test_login"}]}